<?xml version="1.0" encoding="UTF-8"?>
<testsuite xmlns:xsi="http://www.w3.org/2001/XMLSchema-instance" xsi:noNamespaceSchemaLocation="https://maven.apache.org/surefire/maven-surefire-plugin/xsd/surefire-test-report.xsd" version="3.0.2" name="com.userInfo.UserInfoApplicationTests" time="0.875" tests="1" errors="0" skipped="0" failures="0" flakes="0">
  <properties>
[...]
</properties>
  <testcase name="contextLoads" classname="com.userInfo.UserInfoApplicationTests" time="0.335">
    <system-out><![CDATA[15:22:41.820 [main] INFO org.springframework.test.context.support.AnnotationConfigContextLoaderUtils -- Could not detect default configuration classes for test class [com.userInfo.UserInfoApplicationTests]: UserInfoApplicationTests does not declare any static, non-private, non-final, nested classes annotated with @Configuration.
15:22:41.854 [main] INFO org.springframework.boot.test.context.SpringBootTestContextBootstrapper -- Found @SpringBootConfiguration com.userInfo.UserInfoApplication for test class com.userInfo.UserInfoApplicationTests
15:22:41.883 [main] INFO org.springframework.test.context.support.AnnotationConfigContextLoaderUtils -- Could not detect default configuration classes for test class [com.userInfo.UserInfoApplicationTests]: UserInfoApplicationTests does not declare any static, non-private, non-final, nested classes annotated with @Configuration.
15:22:41.883 [main] INFO org.springframework.boot.test.context.SpringBootTestContextBootstrapper -- Found @SpringBootConfiguration com.userInfo.UserInfoApplication for test class com.userInfo.UserInfoApplicationTests

  .   ____          _            __ _ _
 /\\ / ___'_ __ _ _(_)_ __  __ _ \ \ \ \
( ( )\___ | '_ | '_| | '_ \/ _` | \ \ \ \
 \\/  ___)| |_)| | | | | || (_| |  ) ) ) )
  '  |____| .__|_| |_|_| |_\__, | / / / /
 =========|_|==============|___/=/_/_/_/

 :: Spring Boot ::                (v4.1.0)

2026-07-24T15:22:41.989+05:30  INFO 31499 --- [UserInfo] [           main] com.userInfo.UserInfoApplicationTests    : Starting UserInfoApplicationTests using Java 21.0.11 with PID 31499 (started by nimish.natani in /Users/nimish.natani/eclipse-workspace/UserInfo)
2026-07-24T15:22:41.989+05:30  INFO 31499 --- [UserInfo] [           main] com.userInfo.UserInfoApplicationTests    : No active profile set, falling back to 1 default profile: "default"
2026-07-24T15:22:42.202+05:30  INFO 31499 --- [UserInfo] [           main] o.s.b.w.a.WelcomePageHandlerMapping      : Adding welcome page: class path resource [static/index.html]
2026-07-24T15:22:42.292+05:30  INFO 31499 --- [UserInfo] [           main] com.userInfo.UserInfoApplicationTests    : Started UserInfoApplicationTests in 0.389 seconds (process running for 0.726)
]]></system-out>
    <system-err><![CDATA[Mockito is currently self-attaching to enable the inline-mock-maker. This will no longer work in future releases of the JDK. Please add Mockito as an agent to your build as described in Mockito's documentation: https://javadoc.io/doc/org.mockito/mockito-core/latest/org.mockito/org/mockito/Mockito.html#0.3
WARNING: A Java agent has been loaded dynamically (/Users/nimish.natani/.m2/repository/net/bytebuddy/byte-buddy-agent/1.18.10/byte-buddy-agent-1.18.10.jar)
WARNING: If a serviceability tool is in use, please run with -XX:+EnableDynamicAgentLoading to hide this warning
WARNING: If a serviceability tool is not in use, please run with -Djdk.instrument.traceUsage for more information
WARNING: Dynamic loading of agents will be disallowed by default in a future release
]]></system-err>
  </testcase>
</testsuite>